<?xml version="1.0" encoding="UTF-8"?>
<testng-results skipped="0" failed="0" ignored="0" total="1" passed="1">
  <reporter-output>
  </reporter-output>
  <suite name="Default suite" duration-ms="14365" started-at="2020-07-06T17:29:45Z" finished-at="2020-07-06T17:30:00Z">
    <groups>
    </groups>
    <test name="Default test" duration-ms="14365" started-at="2020-07-06T17:29:45Z" finished-at="2020-07-06T17:30:00Z">
      <class name="com.example.springmysql.SpringMysqlApplication">
        <test-method status="PASS" signature="amazonservice()[pri:0, instance:com.example.springmysql.SpringMysqlApplication@c0a365]" name="amazonservice" duration-ms="14294" started-at="2020-07-06T17:29:45Z" finished-at="2020-07-06T17:29:59Z">
          <reporter-output>
          </reporter-output>
        </test-method> <!-- amazonservice -->
      </class> <!-- com.example.springmysql.SpringMysqlApplication -->
    </test> <!-- Default test -->
  </suite> <!-- Default suite -->
</testng-results>
